<?xml version="1.0" encoding="UTF-8" ?>
<testsuite errors="0" failures="1" hostname="ziyal" name="de.fzi.javaDemo.test.Function1Test" skipped="0" tests="2" time="0.202" timestamp="2014-11-25T13:17:47">
  <properties>
    <property name="java.vendor" value="Oracle Corporation" />
    <property name="lib.dir" value="lib" />
    <property name="sun.java.launcher" value="SUN_STANDARD" />
    <property name="sun.management.compiler" value="HotSpot 64-Bit Tiered Compilers" />
    <property name="os.name" value="Windows 7" />
    <property name="sun.boot.class.path" value="C:\Program Files\Java\jdk1.8.0_11\jre\lib\resources.jar;C:\Program Files\Java\jdk1.8.0_11\jre\lib\rt.jar;C:\Program Files\Java\jdk1.8.0_11\jre\lib\sunrsasign.jar;C:\Program Files\Java\jdk1.8.0_11\jre\lib\jsse.jar;C:\Program Files\Java\jdk1.8.0_11\jre\lib\jce.jar;C:\Program Files\Java\jdk1.8.0_11\jre\lib\charsets.jar;C:\Program Files\Java\jdk1.8.0_11\jre\lib\jfr.jar;C:\Program Files\Java\jdk1.8.0_11\jre\classes" />
    <property name="sun.desktop" value="windows" />
    <property name="java.vm.specification.vendor" value="Oracle Corporation" />
    <property name="ant.home" value="C:\Users\yanbi\program\apache-ant-1.9.4" />
    <property name="java.runtime.version" value="1.8.0_11-b12" />
    <property name="ant.file.javaDemo" value="Z:\EclipseWorkspace\git\javaDemo\build.xml" />
    <property name="user.name" value="yanbi" />
    <property name="build.dir" value="bin" />
    <property name="user.language" value="de" />
    <property name="sun.boot.library.path" value="C:\Program Files\Java\jdk1.8.0_11\jre\bin" />
    <property name="ant.project.default-target" value="build" />
    <property name="ant.project.name" value="javaDemo" />
    <property name="java.version" value="1.8.0_11" />
    <property name="user.timezone" value="Europe/Berlin" />
    <property name="sun.arch.data.model" value="64" />
    <property name="java.endorsed.dirs" value="C:\Program Files\Java\jdk1.8.0_11\jre\lib\endorsed" />
    <property name="sun.cpu.isalist" value="amd64" />
    <property name="sun.jnu.encoding" value="Cp1252" />
    <property name="file.encoding.pkg" value="sun.io" />
    <property name="file.separator" value="\" />
    <property name="java.specification.name" value="Java Platform API Specification" />
    <property name="java.class.version" value="52.0" />
    <property name="user.country" value="DE" />
    <property name="java.home" value="C:\Program Files\Java\jdk1.8.0_11\jre" />
    <property name="java.vm.info" value="mixed mode" />
    <property name="ant.file" value="Z:\EclipseWorkspace\git\javaDemo\build.xml" />
    <property name="os.version" value="6.1" />
    <property name="path.separator" value=";" />
    <property name="java.vm.version" value="25.11-b03" />
    <property name="report.dir" value="junit" />
    <property name="user.variant" value="" />
    <property name="ant.library.dir" value="C:\Users\yanbi\program\apache-ant-1.9.4\lib" />
    <property name="java.awt.printerjob" value="sun.awt.windows.WPrinterJob" />
    <property name="sun.io.unicode.encoding" value="UnicodeLittle" />
    <property name="awt.toolkit" value="sun.awt.windows.WToolkit" />
    <property name="sun.stdout.encoding" value="cp850" />
    <property name="user.script" value="" />
    <property name="user.home" value="C:\Users\yanbi" />
    <property name="java.specification.vendor" value="Oracle Corporation" />
    <property name="test.dir" value="test" />
    <property name="java.library.path" value="C:\Program Files\Java\jdk1.8.0_11\jre\bin;C:\Windows\Sun\Java\bin;C:\Windows\system32;C:\Windows;C:\Program Files (x86)\MiKTeX 2.9\miktex\bin;C:\ProgramData\Oracle\Java\javapath;C:\Program Files\Common Files\Microsoft Shared\Windows Live;C:\Program Files (x86)\Common Files\Microsoft Shared\Windows Live;C:\Program Files (x86)\Intel\iCLS Client\;C:\Program Files\Intel\iCLS Client\;C:\Windows\system32;C:\Windows;C:\Windows\System32\Wbem;C:\Windows\System32\WindowsPowerShell\v1.0\;C:\Program Files\Intel\Intel(R) Management Engine Components\DAL;C:\Program Files\Intel\Intel(R) Management Engine Components\IPT;C:\Program Files (x86)\Intel\Intel(R) Management Engine Components\DAL;C:\Program Files (x86)\Intel\Intel(R) Management Engine Components\IPT;C:\Program Files (x86)\Windows Live\Shared;c:\Program Files (x86)\Microsoft SQL Server\100\Tools\Binn\;c:\Program Files\Microsoft SQL Server\100\Tools\Binn\;c:\Program Files\Microsoft SQL Server\100\DTS\Binn\;C:\Program Files\MATLABb\R2013b\runtime\win64;C:\Program Files\MATLABb\R2013b\bin;C:\Program Files\MATLAB\R2013a\runtime\win64;C:\Program Files\MATLAB\R2013a\bin;C:\Program Files\TortoiseSVN\bin;C:\Users\yanbi\TomcatService\bin;C:\Program Files\Java\jdk1.8.0_11\bin;C:\Users\yanbi\program\apache-maven-3.2.3\bin;C:\Program Files (x86)\Git\bin;C:\Program Files (x86)\Git\cmd;C:\Users\yanbi\program\apache-ant-1.9.4\bin;." />
    <property name="java.vendor.url" value="http://java.oracle.com/" />
    <property name="java.vm.vendor" value="Oracle Corporation" />
    <property name="java.runtime.name" value="Java(TM) SE Runtime Environment" />
    <property name="sun.java.command" value="org.apache.tools.ant.taskdefs.optional.junit.JUnitTestRunner de.fzi.javaDemo.test.Function1Test skipNonTests=false filtertrace=true haltOnError=false haltOnFailure=true formatter=org.apache.tools.ant.taskdefs.optional.junit.SummaryJUnitResultFormatter showoutput=true outputtoformatters=true logfailedtests=true threadid=0 logtestlistenerevents=false formatter=org.apache.tools.ant.taskdefs.optional.junit.XMLJUnitResultFormatter,Z:\EclipseWorkspace\git\javaDemo\TEST-de.fzi.javaDemo.test.Function1Test.xml crashfile=Z:\EclipseWorkspace\git\javaDemo\junitvmwatcher1557119247996262111.properties propsfile=Z:\EclipseWorkspace\git\javaDemo\junit8789004580694953542.properties" />
    <property name="java.class.path" value="Z:\EclipseWorkspace\git\javaDemo\bin;Z:\EclipseWorkspace\git\javaDemo\lib\junit4.11.jar;Z:\EclipseWorkspace\git\javaDemo\lib\hamcrest1.3.jar;C:\Program Files\Java\jdk1.8.0_11\lib;C:\Users\yanbi\program\apache-ant-1.9.4\lib\ant-launcher.jar;C:\Users\yanbi\program\apache-ant-1.9.4\lib\ant.jar;C:\Users\yanbi\program\apache-ant-1.9.4\lib\ant-junit.jar;C:\Users\yanbi\program\apache-ant-1.9.4\lib\ant-junit4.jar" />
    <property name="ant.version" value="Apache Ant(TM) version 1.9.4 compiled on April 29 2014" />
    <property name="java.vm.specification.name" value="Java Virtual Machine Specification" />
    <property name="ant.file.type" value="file" />
    <property name="java.vm.specification.version" value="1.8" />
    <property name="sun.cpu.endian" value="little" />
    <property name="sun.os.patch.level" value="Service Pack 1" />
    <property name="debuglevel" value="source,lines,vars" />
    <property name="java.io.tmpdir" value="C:\Users\yanbi\AppData\Local\Temp\" />
    <property name="java.vendor.url.bug" value="http://bugreport.sun.com/bugreport/" />
    <property name="os.arch" value="amd64" />
    <property name="java.awt.graphicsenv" value="sun.awt.Win32GraphicsEnvironment" />
    <property name="ant.file.type.javaDemo" value="file" />
    <property name="java.ext.dirs" value="C:\Program Files\Java\jdk1.8.0_11\jre\lib\ext;C:\Windows\Sun\Java\lib\ext" />
    <property name="user.dir" value="Z:\EclipseWorkspace\git\javaDemo" />
    <property name="line.separator" value="&#xd;&#xa;" />
    <property name="java.vm.name" value="Java HotSpot(TM) 64-Bit Server VM" />
    <property name="basedir" value="Z:\EclipseWorkspace\git\javaDemo" />
    <property name="ant.java.version" value="1.8" />
    <property name="ant.core.lib" value="C:\Users\yanbi\program\apache-ant-1.9.4\lib\ant.jar" />
    <property name="file.encoding" value="Cp1252" />
    <property name="sun.stderr.encoding" value="cp850" />
    <property name="java.specification.version" value="1.8" />
    <property name="src.dir" value="src" />
    <property name="ant.project.invoked-targets" value="junit" />
  </properties>
  <testcase classname="de.fzi.javaDemo.test.Function1Test" name="test" time="0.0" />
  <testcase classname="de.fzi.javaDemo.test.Function1Test" name="test2" time="0.015">
    <failure type="junit.framework.AssertionFailedError">junit.framework.AssertionFailedError
	at de.fzi.javaDemo.test.Function1Test.test2(Function1Test.java:23)
</failure>
  </testcase>
  <system-out><![CDATA[]]></system-out>
  <system-err><![CDATA[]]></system-err>
</testsuite>
